<?xml version="1.0" encoding="UTF-8" ?>
<testsuites errors="1"
            failures="1"
            tests="1">

  <testsuite name="googleTest"
    errors="1" failures="1" hostname="" id="" package="googleTest" skipped="0"
    tests="1" time="6.240" timestamp="">
  
    <testcase name="Google" classname="googleTest" time="6.240" assertions="2">

      <failure message="Testing if the page title equals &#34;LambdaTest - Google Search&#34; in 1000 ms. - expected [0;32m&#34;LambdaTest - Google Search&#34;[0m but got: [0;31m&#34;Google&#34;[0m">    at Object.Google (C:\Users\LenovoE14\Downloads\Circle_CI_Setup\Nightwatch-circleci-selenium-1\tests\googleTest.js:13:21)
    at processTicksAndRejections (node:internal/process/task_queues:96:5)</failure>

    <failure message="    at Object.Google (C:\Users\LenovoE14\Downloads\Circle_CI_Setup\Nightwatch-circleci-selenium-1\tests\googleTest.js:13:21)">    at processTicksAndRejections (node:internal/process/task_queues:96:5)</failure>
    </testcase>
  

  

  
  </testsuite>
</testsuites>
